2025-07-13 16:14 [INFO]:  ############## New Test Begin ############## 
2025-07-13 16:14 [INFO]: 🌟 **** Testcase - TC-001 : Input a Board name, press enter. Verify Board created successfully. **** 🌟
2025-07-13 16:14 [INFO]:  ############## Test End ############## 

2025-07-13 16:15 [INFO]:  ############## New Test Begin ############## 
2025-07-13 16:15 [INFO]: 🌟 **** Testcase - TC-001 : Input a Board name, press enter. Verify Board created successfully. **** 🌟
2025-07-13 16:15 [INFO]:  ############## Test End ############## 

2025-07-13 16:16 [INFO]:  ############## New Test Begin ############## 
2025-07-13 16:16 [INFO]: 🌟 **** Testcase - TC-001 : Input a Board name, press enter. Verify Board created successfully. **** 🌟
2025-07-13 16:16 [INFO]:  ############## Test End ############## 

2025-07-13 16:20 [INFO]:  ############## New Test Begin ############## 
2025-07-13 16:20 [INFO]: 🌟 **** Testcase - TC-001 : Input a Board name, press enter. Verify Board created successfully. **** 🌟
2025-07-13 16:40 [INFO]:  ############## Test End ############## 

2025-07-13 16:40 [INFO]:  ############## New Test Begin ############## 
2025-07-13 16:40 [INFO]: 🌟 **** Testcase - TC-001 : Input a Board name, press enter. Verify Board created successfully. **** 🌟
2025-07-13 16:43 [INFO]:  ############## Test End ############## 

2025-07-13 16:43 [INFO]:  ############## New Test Begin ############## 
2025-07-13 16:43 [INFO]: 🌟 **** Testcase - TC-001 : Input a Board name, press enter. Verify Board created successfully. **** 🌟
2025-07-13 16:45 [INFO]:  ############## Test End ############## 

2025-07-13 16:45 [INFO]:  ############## New Test Begin ############## 
2025-07-13 16:46 [INFO]: 🌟 **** Testcase - TC-001 : Input a Board name, press enter. Verify Board created successfully. **** 🌟
2025-07-13 16:46 [INFO]:  ############## Test End ############## 

2025-07-13 16:46 [INFO]:  ############## New Test Begin ############## 
2025-07-13 16:46 [INFO]: 🌟 **** Testcase - TC-001 : Input a Board name, press enter. Verify Board created successfully. **** 🌟
2025-07-13 16:48 [INFO]:  ############## Test End ############## 

2025-07-13 16:48 [INFO]:  ############## New Test Begin ############## 
2025-07-13 16:48 [INFO]: 🌟 **** Testcase - TC-001 : Input a Board name, press enter. Verify Board created successfully. **** 🌟
2025-07-13 16:48 [INFO]: Board name inputted successfully!
2025-07-13 16:48 [INFO]:  ############## Test End ############## 

2025-07-13 16:51 [INFO]:  ############## New Test Begin ############## 
2025-07-13 16:51 [INFO]: 🌟 **** Testcase - TC-001 : Input a Board name, press enter. Verify Board created successfully. **** 🌟
2025-07-13 16:51 [INFO]: Board name inputted successfully!
2025-07-13 16:53 [INFO]:  ############## Test End ############## 

2025-07-13 16:53 [INFO]:  ############## New Test Begin ############## 
2025-07-13 16:53 [INFO]: 🌟 **** Testcase - TC-001 : Input a Board name, press enter. Verify Board created successfully. **** 🌟
2025-07-13 16:53 [INFO]: Board name inputted successfully!
2025-07-13 16:53 [INFO]:  ############## Test End ############## 

2025-07-13 16:53 [INFO]:  ############## New Test Begin ############## 
2025-07-13 16:53 [INFO]: 🌟 **** Testcase - TC-001 : Input a Board name, press enter. Verify Board created successfully. **** 🌟
2025-07-13 16:53 [INFO]: Board name inputted successfully!
2025-07-13 16:53 [INFO]:  ############## Test End ############## 

2025-07-13 16:54 [INFO]:  ############## New Test Begin ############## 
2025-07-13 16:54 [INFO]: 🌟 **** Testcase - TC-001 : Input a Board name, press enter. Verify Board created successfully. **** 🌟
2025-07-13 16:54 [INFO]: Board name inputted successfully!
2025-07-13 16:54 [INFO]:  ############## Test End ############## 

2025-07-13 16:55 [INFO]:  ############## New Test Begin ############## 
2025-07-13 16:55 [INFO]: 🌟 **** Testcase - TC-001 : Input a Board name, press enter. Verify Board created successfully. **** 🌟
2025-07-13 16:55 [INFO]: Board name inputted successfully!
2025-07-13 16:55 [INFO]: Board name verified successfully!
2025-07-13 16:55 [INFO]: Two lists added successfully!
2025-07-13 16:55 [INFO]:  ############## Test End ############## 

2025-07-13 16:55 [INFO]:  ############## New Test Begin ############## 
2025-07-13 16:55 [INFO]: 🌟 **** Testcase - TC-001 : Input a Board name, press enter. Verify Board created successfully. **** 🌟
2025-07-13 16:55 [INFO]: Board name inputted successfully!
2025-07-13 16:55 [INFO]: Board name verified successfully!
2025-07-13 16:55 [INFO]: Two lists added successfully!
2025-07-13 16:55 [INFO]:  ############## Test End ############## 

2025-07-13 16:55 [INFO]:  ############## New Test Begin ############## 
2025-07-13 16:55 [INFO]: 🌟 **** Testcase - TC-001 : Input a Board name, press enter. Verify Board created successfully. **** 🌟
2025-07-13 17:02 [INFO]:  ############## Test End ############## 

2025-07-13 17:02 [INFO]:  ############## New Test Begin ############## 
2025-07-13 17:02 [INFO]: 🌟 **** Testcase - TC-001 : Input a Board name, press enter. Verify Board created successfully. **** 🌟
2025-07-13 17:03 [INFO]:  ############## Test End ############## 

2025-07-13 17:03 [INFO]:  ############## New Test Begin ############## 
2025-07-13 17:03 [INFO]: 🌟 **** Testcase - TC-001 : Input a Board name, press enter. Verify Board created successfully. **** 🌟
2025-07-13 17:03 [INFO]: Board name inputted successfully!
2025-07-13 17:03 [INFO]: Board name verified successfully!
2025-07-13 17:03 [INFO]: Two lists added successfully!
2025-07-13 17:03 [INFO]:  ############## Test End ############## 

2025-07-13 17:04 [INFO]:  ############## New Test Begin ############## 
2025-07-13 17:04 [INFO]: 🌟 **** Testcase - TC-001 : Input a Board name, press enter. Verify Board created successfully. **** 🌟
2025-07-13 17:04 [INFO]: Board name inputted successfully!
2025-07-13 17:04 [INFO]: Board name verified successfully!
2025-07-13 17:04 [INFO]: Two lists added successfully!
2025-07-13 17:04 [INFO]:  ############## Test End ############## 

2025-07-13 17:04 [INFO]:  ############## New Test Begin ############## 
2025-07-13 17:04 [INFO]: 🌟 **** Testcase - TC-001 : Input a Board name, press enter. Verify Board created successfully. **** 🌟
2025-07-13 17:05 [INFO]: Board name inputted successfully!
2025-07-13 17:05 [INFO]: Board name verified successfully!
2025-07-13 17:05 [INFO]: Two lists added successfully!
2025-07-13 17:05 [INFO]: List 1 verified successfully!
2025-07-13 17:05 [INFO]: List 2 verified successfully!
2025-07-13 17:05 [INFO]:  ############## Test End ############## 

2025-07-13 17:06 [INFO]:  ############## New Test Begin ############## 
2025-07-13 17:06 [INFO]: 🌟 **** Testcase - TC-001 : Input a Board name, press enter. Verify Board created successfully. **** 🌟
2025-07-13 17:06 [INFO]: Board name inputted successfully!
2025-07-13 17:06 [INFO]: Board name verified successfully!
2025-07-13 17:06 [INFO]: Two lists added successfully!
2025-07-13 17:06 [INFO]: List 1 verified successfully!
2025-07-13 17:06 [INFO]: List 2 verified successfully!
2025-07-13 17:06 [INFO]: List deleted successfully!
2025-07-13 17:06 [INFO]:  ############## Test End ############## 

2025-07-13 17:08 [INFO]:  ############## New Test Begin ############## 
2025-07-13 17:08 [INFO]: 🌟 **** Testcase - TC-001 : Input a Board name, press enter. Verify Board created successfully. **** 🌟
2025-07-13 17:08 [INFO]: Board name inputted successfully!
2025-07-13 17:08 [INFO]: Board name verified successfully!
2025-07-13 17:08 [INFO]: Two lists added successfully!
2025-07-13 17:08 [INFO]: List 1 verified successfully!
2025-07-13 17:08 [INFO]: List 2 verified successfully!
2025-07-13 17:08 [INFO]: List deleted successfully!
2025-07-13 17:08 [INFO]:  ############## Test End ############## 

2025-07-13 17:10 [INFO]:  ############## New Test Begin ############## 
2025-07-13 17:10 [INFO]: 🌟 **** Testcase - TC-001 : Input a Board name, press enter. Verify Board created successfully. **** 🌟
2025-07-13 17:10 [INFO]: Board name inputted successfully!
2025-07-13 17:10 [INFO]: Board name verified successfully!
2025-07-13 17:10 [INFO]: Two lists added successfully!
2025-07-13 17:10 [INFO]: List 1 verified successfully!
2025-07-13 17:10 [INFO]: List 2 verified successfully!
2025-07-13 17:10 [INFO]: List deleted successfully!
2025-07-13 17:10 [INFO]: Actual list names after deletion: ,
2025-07-13 17:10 [INFO]:  ############## Test End ############## 

2025-07-13 17:11 [INFO]:  ############## New Test Begin ############## 
2025-07-13 17:11 [INFO]: 🌟 **** Testcase - TC-001 : Input a Board name, press enter. Verify Board created successfully. **** 🌟
2025-07-13 17:11 [INFO]: Board name inputted successfully!
2025-07-13 17:11 [INFO]: Board name verified successfully!
2025-07-13 17:11 [INFO]: Two lists added successfully!
2025-07-13 17:11 [INFO]: List 1 verified successfully!
2025-07-13 17:11 [INFO]: List 2 verified successfully!
2025-07-13 17:11 [INFO]: List deleted successfully!
2025-07-13 17:11 [INFO]: Actual list names after deletion: ,
2025-07-13 17:11 [INFO]:  ############## Test End ############## 

2025-07-13 17:13 [INFO]:  ############## New Test Begin ############## 
2025-07-13 17:13 [INFO]: 🌟 **** Testcase - TC-001 : Input a Board name, press enter. Verify Board created successfully. **** 🌟
2025-07-13 17:13 [INFO]: Board name inputted successfully!
2025-07-13 17:13 [INFO]: Board name verified successfully!
2025-07-13 17:13 [INFO]: Two lists added successfully!
2025-07-13 17:13 [INFO]: List 1 verified successfully!
2025-07-13 17:13 [INFO]: List 2 verified successfully!
2025-07-13 17:13 [INFO]: List deleted successfully!
2025-07-13 17:13 [INFO]:  ############## Test End ############## 

2025-07-13 17:13 [INFO]:  ############## New Test Begin ############## 
2025-07-13 17:13 [INFO]: 🌟 **** Testcase - TC-001 : Input a Board name, press enter. Verify Board created successfully. **** 🌟
2025-07-13 17:13 [INFO]: Board name inputted successfully!
2025-07-13 17:13 [INFO]: Board name verified successfully!
2025-07-13 17:13 [INFO]: Two lists added successfully!
2025-07-13 17:13 [INFO]: List 1 verified successfully!
2025-07-13 17:13 [INFO]: List 2 verified successfully!
2025-07-13 17:13 [INFO]: List deleted successfully!
2025-07-13 17:13 [INFO]:  ############## Test End ############## 

2025-07-13 17:14 [INFO]:  ############## New Test Begin ############## 
2025-07-13 17:14 [INFO]: 🌟 **** Testcase - TC-001 : Input a Board name, press enter. Verify Board created successfully. **** 🌟
2025-07-13 17:14 [INFO]: Board name inputted successfully!
2025-07-13 17:14 [INFO]: Board name verified successfully!
2025-07-13 17:14 [INFO]: Two lists added successfully!
2025-07-13 17:14 [INFO]: List 1 verified successfully!
2025-07-13 17:14 [INFO]: List 2 verified successfully!
2025-07-13 17:14 [INFO]: List deleted successfully!
2025-07-13 17:14 [INFO]:  ############## Test End ############## 

2025-07-13 17:16 [INFO]: ############## New Test Begin ##############
2025-07-13 17:16 [INFO]:  **** TC-001: Input a Board name, press enter. Verify Board created successfully. **** 
2025-07-13 17:16 [INFO]: Board name inputted successfully!
2025-07-13 17:16 [INFO]: Board name verified successfully!
2025-07-13 17:16 [INFO]: Two lists added successfully!
2025-07-13 17:16 [INFO]: List 1 verified successfully!
2025-07-13 17:16 [INFO]: List 2 verified successfully!
2025-07-13 17:16 [INFO]: First list deleted successfully!
2025-07-13 17:16 [INFO]: List names found after deletion: [List 2]
2025-07-13 17:16 [INFO]: ############## Test End ##############

2025-07-13 17:17 [INFO]: ############## New Test Begin ##############
2025-07-13 17:17 [INFO]:  **** TC-001: Input a Board name, press enter. Verify Board created successfully. **** 
2025-07-13 17:17 [INFO]: Board name inputted successfully!
2025-07-13 17:17 [INFO]: Board name verified successfully!
2025-07-13 17:17 [INFO]: Two lists added successfully!
2025-07-13 17:17 [INFO]: List 1 verified successfully!
2025-07-13 17:17 [INFO]: List 2 verified successfully!
2025-07-13 17:17 [INFO]: First list deleted successfully!
2025-07-13 17:17 [INFO]: List names found after deletion: [List 2]
2025-07-13 17:17 [INFO]: ############## Test End ##############

2025-07-13 17:22 [INFO]: ############## New Test Begin ##############
2025-07-13 17:22 [INFO]:  **** TC-001: Input a Board name, press enter. Verify Board created successfully. **** 
2025-07-13 17:22 [INFO]: Board name inputted successfully!
2025-07-13 17:24 [INFO]: ############## Test End ##############

2025-07-13 17:24 [INFO]: ############## New Test Begin ##############
2025-07-13 17:24 [INFO]:  **** TC-001: Input a Board name, press enter. Verify Board created successfully. **** 
2025-07-13 17:24 [INFO]: Board name inputted successfully!
2025-07-13 17:24 [INFO]: Board name verified successfully!
2025-07-13 17:24 [INFO]: Two lists added successfully!
2025-07-13 17:24 [INFO]: List 1 verified successfully!
2025-07-13 17:24 [INFO]: List 2 verified successfully!
2025-07-13 17:24 [INFO]: First list deleted successfully!
2025-07-13 17:24 [INFO]: List names found after deletion: [List 2]
2025-07-13 17:24 [INFO]: ############## Test End ##############

2025-07-13 17:25 [INFO]: ############## New Test Begin ##############
2025-07-13 17:25 [INFO]:  **** TC-001: Input a Board name, press enter. Verify Board created successfully. **** 
2025-07-13 17:25 [INFO]: Board name inputted successfully!
2025-07-13 17:25 [INFO]: Board name verified successfully!
2025-07-13 17:25 [INFO]: Two lists added successfully!
2025-07-13 17:25 [INFO]: List 1 verified successfully!
2025-07-13 17:25 [INFO]: List 2 verified successfully!
2025-07-13 17:25 [INFO]: First list deleted successfully!
2025-07-13 17:25 [INFO]: List names found after deletion: [List 2]
2025-07-13 17:25 [INFO]: ############## Test End ##############

2025-07-13 17:26 [INFO]: ############## New Test Begin ##############
2025-07-13 17:26 [INFO]:  **** TC-001: Input a Board name, press enter. Verify Board created successfully. **** 
2025-07-13 17:26 [INFO]: Board name inputted successfully!
2025-07-13 17:26 [INFO]: Board name verified successfully!
2025-07-13 17:26 [INFO]: Two lists added successfully!
2025-07-13 17:34 [INFO]: ############## Test End ##############

2025-07-13 17:35 [INFO]: ############## New Test Begin ##############
2025-07-13 17:35 [INFO]:  **** TC-002: API Automation - Add a new list, Delete the newly created list. **** 
2025-07-13 17:35 [INFO]: Board name inputted successfully!
2025-07-13 17:35 [INFO]: Board name verified successfully!
2025-07-13 17:35 [INFO]: Board number: 17
2025-07-13 17:35 [INFO]: List created via API with id: 30
2025-07-13 17:35 [INFO]: ############## Test End ##############

2025-07-13 17:37 [INFO]: ############## New Test Begin ##############
2025-07-13 17:37 [INFO]:  **** TC-002: API Automation - Add a new list, Delete the newly created list. **** 
2025-07-13 17:37 [INFO]: Board name inputted successfully!
2025-07-13 17:37 [INFO]: Board name verified successfully!
2025-07-13 17:37 [INFO]: Board number: 18
2025-07-13 17:37 [INFO]: List created via API with id: 30
2025-07-13 17:37 [INFO]: ############## Test End ##############

2025-07-13 17:40 [INFO]: ############## New Test Begin ##############
2025-07-13 17:40 [INFO]:  **** TC-002: API Automation - Add a new list, Delete the newly created list. **** 
2025-07-13 17:40 [INFO]: Board name inputted successfully!
2025-07-13 17:40 [INFO]: Board name verified successfully!
2025-07-13 17:40 [INFO]: Board number: 19
2025-07-13 17:40 [INFO]: List created via API with id: 30
2025-07-13 17:40 [INFO]: ############## Test End ##############

2025-07-13 17:40 [INFO]: ############## New Test Begin ##############
2025-07-13 17:40 [INFO]:  **** TC-002: API Automation - Add a new list, Delete the newly created list. **** 
2025-07-13 17:40 [INFO]: Board name inputted successfully!
2025-07-13 17:40 [INFO]: Board name verified successfully!
2025-07-13 17:40 [INFO]: Board number: 20
2025-07-13 17:40 [INFO]: List created via API with id: 30
2025-07-13 17:40 [INFO]: List deleted via API with id: 30
2025-07-13 17:40 [INFO]: ############## Test End ##############

2025-07-13 17:40 [INFO]: ############## New Test Begin ##############
2025-07-13 17:40 [INFO]:  **** TC-002: API Automation - Add a new list, Delete the newly created list. **** 
2025-07-13 17:40 [INFO]: Board name inputted successfully!
2025-07-13 17:40 [INFO]: Board name verified successfully!
2025-07-13 17:40 [INFO]: Board number: 21
2025-07-13 17:40 [INFO]: List created via API with id: 30
2025-07-13 17:40 [INFO]: List deleted via API with id: 30
2025-07-13 17:40 [INFO]: ############## Test End ##############

2025-07-13 17:43 [INFO]: ############## New Test Begin ##############
2025-07-13 17:43 [INFO]:  **** TC-002: API Automation - Add a new list, Delete the newly created list. **** 
2025-07-13 17:43 [INFO]: Board name inputted successfully!
2025-07-13 17:43 [INFO]: Board name verified successfully!
2025-07-13 17:43 [INFO]: Board number: 22
2025-07-13 17:43 [INFO]: List created via API with id: 30
2025-07-13 17:43 [INFO]: List deleted via API with id: 30
2025-07-13 17:43 [INFO]: List names found after deletion: []
2025-07-13 17:43 [INFO]: ############## Test End ##############

2025-07-13 17:51 [INFO]: ############## New Test Begin ##############
2025-07-13 17:51 [INFO]: **** TC-002: API Automation - Add a new list, Delete the newly created list. ****
2025-07-13 17:51 [INFO]: Board name inputted successfully!
2025-07-13 17:51 [INFO]: Board name verified successfully!
2025-07-13 17:51 [INFO]: Board number: 23
2025-07-13 17:51 [INFO]: List created via API with id: 30
2025-07-13 17:51 [INFO]: List deleted via API with id: 30
2025-07-13 17:51 [INFO]: List names found after deletion: []
2025-07-13 17:51 [INFO]: ############## Test End ##############

2025-07-13 17:52 [INFO]: ############## New Test Begin ##############
2025-07-13 17:52 [INFO]: **** TC-002: API Automation - Add a new list, Delete the newly created list. ****
2025-07-13 17:52 [INFO]: Board name inputted successfully!
2025-07-13 17:52 [INFO]: Board name verified successfully!
2025-07-13 17:52 [INFO]: Board number: 24
2025-07-13 17:52 [INFO]: List created via API with id: 30
2025-07-13 17:52 [INFO]: ############## Test End ##############

2025-07-13 17:54 [INFO]: ############## New Test Begin ##############
2025-07-13 17:54 [INFO]: **** TC-001: Input a Board name, press enter. Verify Board created successfully. ****
2025-07-13 17:54 [INFO]: Board name inputted successfully!
2025-07-13 17:54 [INFO]: Board name verified successfully!
2025-07-13 17:54 [INFO]: Two lists added successfully!
2025-07-13 17:54 [INFO]: List 1 verified successfully!
2025-07-13 17:54 [INFO]: List 2 verified successfully!
2025-07-13 17:54 [INFO]: First list deleted successfully!
2025-07-13 17:54 [INFO]: List names found after deletion: [List 2]
2025-07-13 17:54 [INFO]: ############## Test End ##############

2025-07-13 17:54 [INFO]: ############## New Test Begin ##############
2025-07-13 17:54 [INFO]: **** TC-002: API Automation - Add a new list, Delete the newly created list. ****
2025-07-13 17:54 [INFO]: Board name inputted successfully!
2025-07-13 17:54 [INFO]: Board name verified successfully!
2025-07-13 17:54 [INFO]: Board number: 26
2025-07-13 17:54 [INFO]: List created via API with id: 33
2025-07-13 17:54 [INFO]: List deleted via API with id: 33
2025-07-13 17:54 [INFO]: List names found after deletion: []
2025-07-13 17:54 [INFO]: ############## Test End ##############

2025-07-13 17:55 [INFO]: ############## New Test Begin ##############
2025-07-13 17:55 [INFO]: **** TC-001: Input a Board name, press enter. Verify Board created successfully. ****
2025-07-13 17:55 [INFO]: Board name inputted successfully!
2025-07-13 17:55 [INFO]: Board name verified successfully!
2025-07-13 17:55 [INFO]: Two lists added successfully!
2025-07-13 17:55 [INFO]: List 1 verified successfully!
2025-07-13 17:55 [INFO]: List 2 verified successfully!
2025-07-13 17:55 [INFO]: First list deleted successfully!
2025-07-13 17:55 [INFO]: List names found after deletion: [List 2]
2025-07-13 17:55 [INFO]: ############## Test End ##############

2025-07-13 17:55 [INFO]: ############## New Test Begin ##############
2025-07-13 17:55 [INFO]: **** TC-002: API Automation - Add a new list, Delete the newly created list. ****
2025-07-13 17:55 [INFO]: Board name inputted successfully!
2025-07-13 17:55 [INFO]: Board name verified successfully!
2025-07-13 17:55 [INFO]: Board number: 28
2025-07-13 17:55 [INFO]: List created via API with id: 35
2025-07-13 17:55 [INFO]: List deleted via API with id: 35
2025-07-13 17:55 [INFO]: ############## Test End ##############

2025-07-13 17:56 [INFO]: ############## New Test Begin ##############
2025-07-13 17:56 [INFO]: **** TC-001: Input a Board name, press enter. Verify Board created successfully. ****
2025-07-13 17:56 [INFO]: Board name inputted successfully!
2025-07-13 17:56 [INFO]: Board name verified successfully!
2025-07-13 17:56 [INFO]: Two lists added successfully!
2025-07-13 17:56 [INFO]: List 1 verified successfully!
2025-07-13 17:57 [INFO]: List 2 verified successfully!
2025-07-13 17:57 [INFO]: First list deleted successfully!
2025-07-13 17:57 [INFO]: List names found after deletion: [List 2]
2025-07-13 17:57 [INFO]: ############## Test End ##############

2025-07-13 17:57 [INFO]: ############## New Test Begin ##############
2025-07-13 17:57 [INFO]: **** TC-002: API Automation - Add a new list, Delete the newly created list. ****
2025-07-13 17:57 [INFO]: Board name inputted successfully!
2025-07-13 17:57 [INFO]: Board name verified successfully!
2025-07-13 17:57 [INFO]: Board number: 30
2025-07-13 17:57 [INFO]: List created via API with id: 37
2025-07-13 17:57 [INFO]: List deleted via API with id: 37
2025-07-13 17:57 [INFO]: List names found after deletion: []
2025-07-13 17:57 [INFO]: ############## Test End ##############

2025-07-13 17:57 [INFO]: ############## New Test Begin ##############
2025-07-13 17:57 [INFO]: **** TC-001: Input a Board name, press enter. Verify Board created successfully. ****
2025-07-13 17:57 [INFO]: Board name inputted successfully!
2025-07-13 17:57 [INFO]: Board name verified successfully!
2025-07-13 17:57 [INFO]: Two lists added successfully!
2025-07-13 17:57 [INFO]: List 1 verified successfully!
2025-07-13 17:57 [INFO]: List 2 verified successfully!
2025-07-13 17:57 [INFO]: First list deleted successfully!
2025-07-13 17:57 [INFO]: List names found after deletion: [List 2]
2025-07-13 17:57 [INFO]: ############## Test End ##############

2025-07-13 17:57 [INFO]: ############## New Test Begin ##############
2025-07-13 17:57 [INFO]: **** TC-002: API Automation - Add a new list, Delete the newly created list. ****
2025-07-13 17:57 [INFO]: Board name inputted successfully!
2025-07-13 17:57 [INFO]: Board name verified successfully!
2025-07-13 17:57 [INFO]: Board number: 32
2025-07-13 17:57 [INFO]: List created via API with id: 39
2025-07-13 17:57 [INFO]: List deleted via API with id: 39
2025-07-13 17:57 [INFO]: List names found after deletion: []
2025-07-13 17:57 [INFO]: ############## Test End ##############

2025-07-13 17:59 [INFO]: ############## New Test Begin ##############
2025-07-13 17:59 [INFO]: **** TC-001: Input a Board name, press enter. Verify Board created successfully. ****
2025-07-13 17:59 [INFO]: Board name inputted successfully!
2025-07-13 17:59 [INFO]: Board name verified successfully!
2025-07-13 17:59 [INFO]: Two lists added successfully!
2025-07-13 17:59 [INFO]: List 1 verified successfully!
2025-07-13 17:59 [INFO]: List 2 verified successfully!
2025-07-13 17:59 [INFO]: First list deleted successfully!
2025-07-13 18:00 [INFO]: List names found after deletion: [List 2]
2025-07-13 18:00 [INFO]: ############## Test End ##############

2025-07-13 18:00 [INFO]: ############## New Test Begin ##############
2025-07-13 18:00 [INFO]: **** TC-002: API Automation - Add a new list, Delete the newly created list. ****
2025-07-13 18:00 [INFO]: Board name inputted successfully!
2025-07-13 18:00 [INFO]: Board name verified successfully!
2025-07-13 18:00 [INFO]: List created via API with id: 41
2025-07-13 18:00 [INFO]: List deleted via API with id: 41
2025-07-13 18:00 [INFO]: List names found after deletion: []
2025-07-13 18:00 [INFO]: ############## Test End ##############

2025-07-13 18:00 [INFO]: ############## New Test Begin ##############
2025-07-13 18:00 [INFO]: **** TC-001: Input a Board name, press enter. Verify Board created successfully. ****
2025-07-13 18:00 [INFO]: Board name inputted successfully!
2025-07-13 18:00 [INFO]: Board name verified successfully!
2025-07-13 18:00 [INFO]: Two lists added successfully!
2025-07-13 18:00 [INFO]: List 1 verified successfully!
2025-07-13 18:00 [INFO]: List 2 verified successfully!
2025-07-13 18:00 [INFO]: First list deleted successfully!
2025-07-13 18:00 [INFO]: List names found after deletion: [List 2]
2025-07-13 18:00 [INFO]: ############## Test End ##############

2025-07-13 18:00 [INFO]: ############## New Test Begin ##############
2025-07-13 18:00 [INFO]: **** TC-002: API Automation - Add a new list, Delete the newly created list. ****
2025-07-13 18:00 [INFO]: Board name inputted successfully!
2025-07-13 18:00 [INFO]: Board name verified successfully!
2025-07-13 18:00 [INFO]: Board number extracted from URL: 36
2025-07-13 18:00 [INFO]: List created via API with id: 43
2025-07-13 18:00 [INFO]: List deleted via API with id: 43
2025-07-13 18:00 [INFO]: List names found after deletion: []
2025-07-13 18:00 [INFO]: ############## Test End ##############

2025-07-13 18:04 [INFO]: ############## New Test Begin ##############
2025-07-13 18:04 [INFO]: **** TC-001: Input a Board name, press enter. Verify Board created successfully. ****
2025-07-13 18:04 [INFO]: Board name inputted successfully!
2025-07-13 18:04 [INFO]: Board name verified successfully!
2025-07-13 18:04 [INFO]: Two lists added successfully!
2025-07-13 18:04 [INFO]: List 1 verified successfully!
2025-07-13 18:04 [INFO]: List 2 verified successfully!
2025-07-13 18:04 [INFO]: First list deleted successfully!
2025-07-13 18:04 [INFO]: List names found after deletion: [List 2]
2025-07-13 18:04 [INFO]: ############## Test End ##############

2025-07-13 18:04 [INFO]: ############## New Test Begin ##############
2025-07-13 18:04 [INFO]: **** TC-002: API Automation - Add a new list, Delete the newly created list. ****
2025-07-13 18:04 [INFO]: Board name inputted successfully!
2025-07-13 18:04 [INFO]: Board name verified successfully!
2025-07-13 18:04 [INFO]: Board number extracted from URL: 38
2025-07-13 18:04 [INFO]: List created via API with id: 45
2025-07-13 18:04 [INFO]: List deleted via API with id: 45
2025-07-13 18:04 [INFO]: List names found after deletion: []
2025-07-13 18:04 [INFO]: ############## Test End ##############

2025-07-13 18:06 [INFO]: ############## New Test Begin ##############
2025-07-13 18:06 [INFO]: **** TC-001: Input a Board name, press enter. Verify Board created successfully. ****
2025-07-13 18:06 [INFO]: Board name inputted successfully!
2025-07-13 18:06 [INFO]: Board name verified successfully!
2025-07-13 18:06 [INFO]: Two lists added successfully!
2025-07-13 18:06 [INFO]: List 1 verified successfully!
2025-07-13 18:06 [INFO]: List 2 verified successfully!
2025-07-13 18:06 [INFO]: First list deleted successfully!
2025-07-13 18:06 [INFO]: List names found after deletion: [List 2]
2025-07-13 18:06 [INFO]: ############## Test End ##############

2025-07-13 18:06 [INFO]: ############## New Test Begin ##############
2025-07-13 18:06 [INFO]: **** TC-002: API Automation - Add two lists, Delete one, Verify remaining. ****
2025-07-13 18:06 [INFO]: Board name inputted successfully!
2025-07-13 18:06 [INFO]: Board name verified successfully!
2025-07-13 18:06 [INFO]: Board number extracted from URL: 40
2025-07-13 18:06 [INFO]: List 1 created via API with id: 47
2025-07-13 18:06 [INFO]: List 2 created via API with id: 48
2025-07-13 18:06 [INFO]: List 1 deleted via API with id: 47
2025-07-13 18:06 [INFO]: List names found after deletion: [API List 2]
2025-07-13 18:06 [INFO]: ############## Test End ##############

2025-07-13 18:09 [INFO]: ############## New Test Begin ##############
2025-07-13 18:09 [INFO]: **** TC-001: Input a Board name, press enter. Verify Board created successfully. ****
2025-07-13 18:09 [INFO]: Board name inputted successfully!
2025-07-13 18:09 [INFO]: Board name verified successfully!
2025-07-13 18:09 [INFO]: Two lists added successfully!
2025-07-13 18:09 [INFO]: List 1 verified successfully!
2025-07-13 18:09 [INFO]: List 2 verified successfully!
2025-07-13 18:09 [INFO]: First list deleted successfully!
2025-07-13 18:09 [INFO]: List names found after deletion: [List 2]
2025-07-13 18:09 [INFO]: ############## Test End ##############

2025-07-13 18:09 [INFO]: ############## New Test Begin ##############
2025-07-13 18:09 [INFO]: **** TC-002: API Automation - Add two lists, Delete one, Verify remaining. ****
2025-07-13 18:09 [INFO]: Board name inputted successfully!
2025-07-13 18:09 [INFO]: Board name verified successfully!
2025-07-13 18:09 [INFO]: Board number extracted from URL: 42
2025-07-13 18:09 [INFO]: List 1 created via API with id: 51
2025-07-13 18:09 [INFO]: List 2 created via API with id: 52
2025-07-13 18:09 [INFO]: List 1 deleted via API with id: 51
2025-07-13 18:09 [INFO]: List names found after deletion: [API List 2]
2025-07-13 18:09 [INFO]: ############## Test End ##############

2025-07-13 18:12 [INFO]: ############## New Test Begin ##############
2025-07-13 18:12 [INFO]: **** TC-001: Input a Board name, press enter. Verify Board created successfully. ****
2025-07-13 18:12 [INFO]: Board name inputted successfully!
2025-07-13 18:12 [INFO]: Board name verified successfully!
2025-07-13 18:12 [INFO]: Two lists added successfully!
2025-07-13 18:12 [INFO]: List 1 verified successfully!
2025-07-13 18:12 [INFO]: List 2 verified successfully!
2025-07-13 18:12 [INFO]: First list deleted successfully!
2025-07-13 18:12 [INFO]: List names found after deletion: [List 2]
2025-07-13 18:12 [INFO]: ############## Test End ##############

2025-07-13 18:12 [INFO]: ############## New Test Begin ##############
2025-07-13 18:12 [INFO]: **** TC-002: API Automation - Add two lists, Delete one, Verify remaining. ****
2025-07-13 18:12 [INFO]: Board name inputted successfully!
2025-07-13 18:12 [INFO]: Board name verified successfully!
2025-07-13 18:12 [INFO]: Board number extracted from URL: 44
2025-07-13 18:12 [INFO]: List 1 created via API with id: 55
2025-07-13 18:12 [INFO]: List 2 created via API with id: 56
2025-07-13 18:12 [INFO]: List 1 deleted via API with id: 55
2025-07-13 18:12 [INFO]: List names found after deletion: [API List 2]
2025-07-13 18:12 [INFO]: ############## Test End ##############

2025-07-13 18:15 [INFO]: ############## Starting Board Game Tests ##############
2025-07-13 18:15 [INFO]: Deleting all boards before tests begin...
2025-07-13 18:17 [INFO]: ############## Starting Board Game Tests ##############
2025-07-13 18:17 [INFO]: Deleting all boards before tests begin...
2025-07-13 18:18 [INFO]: ############## Starting Board Game Tests ##############
2025-07-13 18:18 [INFO]: Deleting all boards before tests begin...
2025-07-13 18:21 [INFO]: ############## Starting Board Game Tests ##############
2025-07-13 18:21 [INFO]: Deleting all boards before tests begin...
2025-07-13 18:23 [INFO]: ############## Starting Board Game Tests ##############
2025-07-13 18:23 [INFO]: Deleting all boards before tests begin...
2025-07-13 18:28 [INFO]: ############## Starting Board Game Tests ##############
2025-07-13 18:28 [INFO]: Deleting all boards before tests begin...
2025-07-13 18:33 [INFO]: ############## Starting Board Game Tests ##############
2025-07-13 18:33 [INFO]: Deleting all boards before tests begin...
2025-07-13 18:34 [INFO]: ############## New Test Begin ##############
2025-07-13 18:34 [INFO]: **** TC-001: Input a Board name, press enter. Verify Board created successfully. ****
2025-07-13 18:34 [INFO]: Board name inputted successfully!
2025-07-13 18:34 [INFO]: Board name verified successfully!
2025-07-13 18:34 [INFO]: Two lists added successfully!
2025-07-13 18:34 [INFO]: List 1 verified successfully!
2025-07-13 18:34 [INFO]: List 2 verified successfully!
2025-07-13 18:34 [INFO]: First list deleted successfully!
2025-07-13 18:34 [INFO]: List names found after deletion: [List 2]
2025-07-13 18:34 [INFO]: ############## Test End ##############

2025-07-13 18:34 [INFO]: ############## New Test Begin ##############
2025-07-13 18:34 [INFO]: **** TC-002: API Automation - Add two lists, Delete one, Verify remaining. ****
2025-07-13 18:34 [INFO]: Board name inputted successfully!
2025-07-13 18:34 [INFO]: Board name verified successfully!
2025-07-13 18:34 [INFO]: Board number extracted from URL: 46
2025-07-13 18:34 [INFO]: List 1 created via API with id: 59
2025-07-13 18:34 [INFO]: List 2 created via API with id: 60
2025-07-13 18:34 [INFO]: List 1 deleted via API with id: 59
2025-07-13 18:34 [INFO]: List names found after deletion: [API List 2]
2025-07-13 18:34 [INFO]: ############## Test End ##############

2025-07-13 18:41 [INFO]: ############## New Test Begin ##############
2025-07-13 18:41 [INFO]: **** TC-001: Input a Board name, press enter. Verify Board created successfully. ****
2025-07-13 18:41 [INFO]: Board name inputted successfully!
2025-07-13 18:41 [INFO]: Board name verified successfully!
2025-07-13 18:41 [INFO]: Two lists added successfully!
2025-07-13 18:41 [INFO]: List 1 verified successfully!
2025-07-13 18:41 [INFO]: List 2 verified successfully!
2025-07-13 18:41 [INFO]: First list deleted successfully!
2025-07-13 18:41 [INFO]: List names found after deletion: [List 2]
2025-07-13 18:41 [INFO]: ############## Test End ##############

2025-07-13 18:41 [INFO]: ############## New Test Begin ##############
2025-07-13 18:41 [INFO]: **** TC-002: API Automation - Add two lists, Delete one, Verify remaining. ****
2025-07-13 18:41 [INFO]: Board name inputted successfully!
2025-07-13 18:41 [INFO]: Board name verified successfully!
2025-07-13 18:41 [INFO]: Board number extracted from URL: 48
2025-07-13 18:41 [INFO]: List 1 created via API with id: 63
2025-07-13 18:41 [INFO]: List 2 created via API with id: 64
2025-07-13 18:41 [INFO]: List 1 deleted via API with id: 63
2025-07-13 18:41 [INFO]: List names found after deletion: [API List 2]
2025-07-13 18:41 [INFO]: ############## Test End ##############

2025-07-13 18:43 [INFO]: ############## New Test Begin ##############
2025-07-13 18:43 [INFO]: **** TC-001: Input a Board name, press enter. Verify Board created successfully. ****
2025-07-13 18:43 [INFO]: Board name inputted successfully!
2025-07-13 18:43 [INFO]: Board name verified successfully!
2025-07-13 18:43 [INFO]: Two lists added successfully!
2025-07-13 18:43 [INFO]: List 1 verified successfully!
2025-07-13 18:43 [INFO]: List 2 verified successfully!
2025-07-13 18:43 [INFO]: First list deleted successfully!
2025-07-13 18:43 [INFO]: List names found after deletion: [List 2]
2025-07-13 18:43 [INFO]: ############## Test End ##############

2025-07-13 18:43 [INFO]: ############## New Test Begin ##############
2025-07-13 18:43 [INFO]: **** TC-002: API Automation - Add two lists, Delete one, Verify remaining. ****
2025-07-13 18:43 [INFO]: Board name inputted successfully!
2025-07-13 18:43 [INFO]: Board name verified successfully!
2025-07-13 18:43 [INFO]: Board number extracted from URL: 50
2025-07-13 18:43 [INFO]: API List 1 created via API with id: 67
2025-07-13 18:43 [INFO]: API List 1 deleted via API with id: 67
2025-07-13 18:43 [INFO]: List names found after deletion: []
2025-07-13 18:43 [INFO]: ############## Test End ##############

2025-07-13 18:44 [INFO]: ############## New Test Begin ##############
2025-07-13 18:44 [INFO]: **** TC-001: Input a Board name, press enter. Verify Board created successfully. ****
2025-07-13 18:44 [INFO]: Board name inputted successfully!
2025-07-13 18:44 [INFO]: Board name verified successfully!
2025-07-13 18:44 [INFO]: Two lists added successfully!
2025-07-13 18:44 [INFO]: List 1 verified successfully!
2025-07-13 18:44 [INFO]: List 2 verified successfully!
2025-07-13 18:44 [INFO]: First list deleted successfully!
2025-07-13 18:44 [INFO]: List names found after deletion: [List 2]
2025-07-13 18:44 [INFO]: ############## Test End ##############

2025-07-13 18:44 [INFO]: ############## New Test Begin ##############
2025-07-13 18:44 [INFO]: **** TC-002: API Automation - Add two lists, Delete one, Verify remaining. ****
2025-07-13 18:44 [INFO]: Board name inputted successfully!
2025-07-13 18:44 [INFO]: Board name verified successfully!
2025-07-13 18:44 [INFO]: Board number extracted from URL: 52
2025-07-13 18:44 [INFO]: API List 1 created via API with id: 69
2025-07-13 18:44 [INFO]: API List 2 created via API with id: 70
2025-07-13 18:44 [INFO]: API List 1 deleted via API with id: 69
2025-07-13 18:44 [INFO]: List names found after deletion: [API List 2]
2025-07-13 18:44 [INFO]: ############## Test End ##############

2025-07-13 18:45 [INFO]: ############## New Test Begin ##############
2025-07-13 18:45 [INFO]: **** TC-001: Input a Board name, press enter. Verify Board created successfully. ****
2025-07-13 18:45 [INFO]: Board name inputted successfully!
2025-07-13 18:45 [INFO]: Board name verified successfully!
2025-07-13 18:45 [INFO]: Two lists added successfully!
2025-07-13 18:45 [INFO]: List 1 verified successfully!
2025-07-13 18:45 [INFO]: List 2 verified successfully!
2025-07-13 18:45 [INFO]: First list deleted successfully!
2025-07-13 18:45 [INFO]: List names found after deletion: [List 2]
2025-07-13 18:45 [INFO]: ############## Test End ##############

2025-07-13 18:45 [INFO]: ############## New Test Begin ##############
2025-07-13 18:45 [INFO]: **** TC-002: API Automation - Add two lists, Delete one, Verify remaining. ****
2025-07-13 18:45 [INFO]: Board name inputted successfully!
2025-07-13 18:45 [INFO]: Board name verified successfully!
2025-07-13 18:45 [INFO]: Board number extracted from URL: 54
2025-07-13 18:45 [INFO]: API List 1 created via API with id: 73
2025-07-13 18:45 [INFO]: API List 2 created via API with id: 74
2025-07-13 18:45 [INFO]: API List 1 deleted via API with id: 73
2025-07-13 18:45 [INFO]: List names found after deletion: [API List 2]
2025-07-13 18:45 [INFO]: ############## Test End ##############

